<?xml version="1.0" encoding="UTF-8"?>
<testng-results ignored="0" total="1" passed="1" failed="0" skipped="0">
  <reporter-output>
  </reporter-output>
  <suite started-at="2024-01-11T23:55:59 IST" name="Surefire suite" finished-at="2024-01-11T23:56:10 IST" duration-ms="11025">
    <groups>
    </groups>
    <test started-at="2024-01-11T23:55:59 IST" name="Surefire test" finished-at="2024-01-11T23:56:10 IST" duration-ms="11025">
      <class name="TestLayerPackage.TestLayerClass">
        <test-method is-config="true" signature="setUp()[pri:0, instance:TestLayerPackage.TestLayerClass@3c72f59f]" started-at="2024-01-11T23:55:59 IST" name="setUp" finished-at="2024-01-11T23:56:10 IST" duration-ms="10483" status="PASS">
          <reporter-output>
          </reporter-output>
        </test-method> <!-- setUp -->
        <test-method signature="validatecraeteAccountfunctionality()[pri:0, instance:TestLayerPackage.TestLayerClass@3c72f59f]" started-at="2024-01-11T23:56:10 IST" name="validatecraeteAccountfunctionality" finished-at="2024-01-11T23:56:10 IST" duration-ms="496" status="PASS">
          <reporter-output>
          </reporter-output>
        </test-method> <!-- validatecraeteAccountfunctionality -->
      </class> <!-- TestLayerPackage.TestLayerClass -->
    </test> <!-- Surefire test -->
  </suite> <!-- Surefire suite -->
</testng-results>
