<?xml version="1.0" encoding="UTF-8"?>
<testng-results ignored="0" total="1" passed="1" failed="0" skipped="0">
  <reporter-output>
  </reporter-output>
  <suite started-at="2024-01-14T12:10:06 IST" name="Default suite" finished-at="2024-01-14T12:10:26 IST" duration-ms="20627">
    <groups>
    </groups>
    <test started-at="2024-01-14T12:10:06 IST" name="Default test" finished-at="2024-01-14T12:10:26 IST" duration-ms="20627">
      <class name="TestLayerPackage.TestLayerClass">
        <test-method is-config="true" signature="setUp()[pri:0, instance:TestLayerPackage.TestLayerClass@59662a0b]" started-at="2024-01-14T12:10:06 IST" name="setUp" finished-at="2024-01-14T12:10:25 IST" duration-ms="19412" status="PASS">
          <reporter-output>
          </reporter-output>
        </test-method> <!-- setUp -->
        <test-method signature="validatecraeteAccountfunctionality()[pri:0, instance:TestLayerPackage.TestLayerClass@59662a0b]" started-at="2024-01-14T12:10:25 IST" name="validatecraeteAccountfunctionality" finished-at="2024-01-14T12:10:26 IST" duration-ms="1115" status="PASS">
          <reporter-output>
          </reporter-output>
        </test-method> <!-- validatecraeteAccountfunctionality -->
      </class> <!-- TestLayerPackage.TestLayerClass -->
    </test> <!-- Default test -->
  </suite> <!-- Default suite -->
</testng-results>
